<?xml version="1.0" encoding="UTF-8"?>
<!-- Generated by org.testng.reporters.JUnitXMLReporter -->
<testsuite hostname="SSCPLUSL043" ignored="0" name="Login Page test" tests="3" failures="3" timestamp="20 Jun 2023 19:49:25 GMT" time="26.583" errors="0">
  <testcase name="verifyLoginToHouPerSiteTest" time="1.511" classname="com.qa.houperpro.tests.LoginPage_HouPerTest">
    <failure type="java.lang.AssertionError" message="expected [https://houstontx-tst.rhythmlabs.infor.com/my-dashboard] but found [https://houstontx-tst.rhythmlabs.infor.com/]">
      <![CDATA[java.lang.AssertionError: expected [https://houstontx-tst.rhythmlabs.infor.com/my-dashboard] but found [https://houstontx-tst.rhythmlabs.infor.com/]
at com.qa.houperpro.tests.LoginPage_HouPerTest.verifyLoginToHouPerSiteTest(LoginPage_HouPerTest.java:33)
... Removed 34 stack frames]]>
    </failure>
  </testcase> <!-- verifyLoginToHouPerSiteTest -->
  <testcase name="verifyLoginToHouPerSiteTest" time="0.127" classname="com.qa.houperpro.tests.LoginPage_HouPerTest">
    <failure type="java.lang.AssertionError" message="expected [https://houstontx-tst.rhythmlabs.infor.com/my-dashboard] but found [https://houstontx-tst.rhythmlabs.infor.com/]">
      <![CDATA[java.lang.AssertionError: expected [https://houstontx-tst.rhythmlabs.infor.com/my-dashboard] but found [https://houstontx-tst.rhythmlabs.infor.com/]
at com.qa.houperpro.tests.LoginPage_HouPerTest.verifyLoginToHouPerSiteTest(LoginPage_HouPerTest.java:33)
... Removed 34 stack frames]]>
    </failure>
  </testcase> <!-- verifyLoginToHouPerSiteTest -->
  <testcase name="verifyLoginToHouPerSiteTest" time="0.145" classname="com.qa.houperpro.tests.LoginPage_HouPerTest">
    <failure type="java.lang.AssertionError" message="expected [https://houstontx-tst.rhythmlabs.infor.com/my-dashboard] but found [https://houstontx-tst.rhythmlabs.infor.com/]">
      <![CDATA[java.lang.AssertionError: expected [https://houstontx-tst.rhythmlabs.infor.com/my-dashboard] but found [https://houstontx-tst.rhythmlabs.infor.com/]
at com.qa.houperpro.tests.LoginPage_HouPerTest.verifyLoginToHouPerSiteTest(LoginPage_HouPerTest.java:33)
... Removed 34 stack frames]]>
    </failure>
  </testcase> <!-- verifyLoginToHouPerSiteTest -->
</testsuite> <!-- Login Page test -->
