<?xml version="1.0" encoding="UTF-8"?>
<testng-results skipped="0" failed="4" ignored="0" total="6" passed="2">
  <reporter-output>
    <line>
      <![CDATA[Click on Register link]]>
    </line>
    <line>
      <![CDATA[Capturing register page header]]>
    </line>
    <line>
      <![CDATA[<a href='C:\Users\m.nath@sierradigitalinc.com\eclipse-workspace\HouPerPro\target\surefire-reports\failure_screenshots\verifyRegisterLinkTest_20_06_2023_02_48_32.png'> <img src='C:\Users\m.nath@sierradigitalinc.com\eclipse-workspace\HouPerPro\target\surefire-reports\failure_screenshots\verifyRegisterLinkTest_20_06_2023_02_48_32.png' height='100' width='100'/> </a>]]>
    </line>
    <line>
      <![CDATA[Verifying Email Address text box available or not]]>
    </line>
    <line>
      <![CDATA[Verifying Password text box available or not]]>
    </line>
    <line>
      <![CDATA[<a href='C:\Users\m.nath@sierradigitalinc.com\eclipse-workspace\HouPerPro\target\surefire-reports\failure_screenshots\verifyLoginToHouPerSiteTest_20_06_2023_02_49_06.png'> <img src='C:\Users\m.nath@sierradigitalinc.com\eclipse-workspace\HouPerPro\target\surefire-reports\failure_screenshots\verifyLoginToHouPerSiteTest_20_06_2023_02_49_06.png' height='100' width='100'/> </a>]]>
    </line>
    <line>
      <![CDATA[<a href='C:\Users\m.nath@sierradigitalinc.com\eclipse-workspace\HouPerPro\target\surefire-reports\failure_screenshots\verifyLoginToHouPerSiteTest_20_06_2023_02_49_13.png'> <img src='C:\Users\m.nath@sierradigitalinc.com\eclipse-workspace\HouPerPro\target\surefire-reports\failure_screenshots\verifyLoginToHouPerSiteTest_20_06_2023_02_49_13.png' height='100' width='100'/> </a>]]>
    </line>
    <line>
      <![CDATA[<a href='C:\Users\m.nath@sierradigitalinc.com\eclipse-workspace\HouPerPro\target\surefire-reports\failure_screenshots\verifyLoginToHouPerSiteTest_20_06_2023_02_49_21.png'> <img src='C:\Users\m.nath@sierradigitalinc.com\eclipse-workspace\HouPerPro\target\surefire-reports\failure_screenshots\verifyLoginToHouPerSiteTest_20_06_2023_02_49_21.png' height='100' width='100'/> </a>]]>
    </line>
  </reporter-output>
  <suite name="HouPerProject suite" duration-ms="71507" started-at="2023-06-20T19:48:13Z" finished-at="2023-06-20T19:49:25Z">
    <groups>
    </groups>
    <test name="Registration Page test" duration-ms="24248" started-at="2023-06-20T19:48:13Z" finished-at="2023-06-20T19:48:38Z">
      <class name="com.qa.houperpro.tests.RegisterPageTest">
        <test-method status="PASS" signature="setUp()[pri:0, instance:com.qa.houperpro.tests.RegisterPageTest@70e02081]" name="setUp" is-config="true" duration-ms="8780" started-at="2023-06-20T19:48:13Z" finished-at="2023-06-20T19:48:22Z">
          <reporter-output>
          </reporter-output>
        </test-method> <!-- setUp -->
        <test-method status="FAIL" signature="verifyRegisterLinkTest()[pri:3, instance:com.qa.houperpro.tests.RegisterPageTest@70e02081]" name="verifyRegisterLinkTest" duration-ms="9409" started-at="2023-06-20T19:48:22Z" description="Verifying register page header" finished-at="2023-06-20T19:48:32Z">
          <exception class="java.lang.AssertionError">
            <message>
              <![CDATA[Header values not matched expected [Submit a New ] but found [Submit a New Record]]]>
            </message>
            <full-stacktrace>
              <![CDATA[java.lang.AssertionError: Header values not matched expected [Submit a New ] but found [Submit a New Record]
at org.testng.Assert.fail(Assert.java:96)
at org.testng.Assert.failNotEquals(Assert.java:776)
at org.testng.Assert.assertEqualsImpl(Assert.java:137)
at org.testng.Assert.assertEquals(Assert.java:118)
at org.testng.Assert.assertEquals(Assert.java:453)
at com.qa.houperpro.tests.RegisterPageTest.verifyRegisterLinkTest(RegisterPageTest.java:22)
at sun.reflect.NativeMethodAccessorImpl.invoke0(Native Method)
at sun.reflect.NativeMethodAccessorImpl.invoke(NativeMethodAccessorImpl.java:62)
at sun.reflect.DelegatingMethodAccessorImpl.invoke(DelegatingMethodAccessorImpl.java:43)
at java.lang.reflect.Method.invoke(Method.java:498)
at org.testng.internal.MethodInvocationHelper.invokeMethod(MethodInvocationHelper.java:124)
at org.testng.internal.Invoker.invokeMethod(Invoker.java:583)
at org.testng.internal.Invoker.invokeTestMethod(Invoker.java:719)
at org.testng.internal.Invoker.invokeTestMethods(Invoker.java:989)
at org.testng.internal.TestMethodWorker.invokeTestMethods(TestMethodWorker.java:125)
at org.testng.internal.TestMethodWorker.run(TestMethodWorker.java:109)
at org.testng.TestRunner.privateRun(TestRunner.java:648)
at org.testng.TestRunner.run(TestRunner.java:505)
at org.testng.SuiteRunner.runTest(SuiteRunner.java:455)
at org.testng.SuiteRunner.runSequentially(SuiteRunner.java:450)
at org.testng.SuiteRunner.privateRun(SuiteRunner.java:415)
at org.testng.SuiteRunner.run(SuiteRunner.java:364)
at org.testng.SuiteRunnerWorker.runSuite(SuiteRunnerWorker.java:52)
at org.testng.SuiteRunnerWorker.run(SuiteRunnerWorker.java:84)
at org.testng.TestNG.runSuitesSequentially(TestNG.java:1208)
at org.testng.TestNG.runSuitesLocally(TestNG.java:1137)
at org.testng.TestNG.runSuites(TestNG.java:1049)
at org.testng.TestNG.run(TestNG.java:1017)
at org.apache.maven.surefire.testng.TestNGExecutor.run(TestNGExecutor.java:283)
at org.apache.maven.surefire.testng.TestNGXmlTestSuite.execute(TestNGXmlTestSuite.java:75)
at org.apache.maven.surefire.testng.TestNGProvider.invoke(TestNGProvider.java:120)
at org.apache.maven.surefire.booter.ForkedBooter.invokeProviderInSameClassLoader(ForkedBooter.java:386)
at org.apache.maven.surefire.booter.ForkedBooter.runSuitesInProcess(ForkedBooter.java:323)
at org.apache.maven.surefire.booter.ForkedBooter.main(ForkedBooter.java:143)
]]>
            </full-stacktrace>
          </exception> <!-- java.lang.AssertionError -->
          <reporter-output>
            <line>
              <![CDATA[Click on Register link]]>
            </line>
            <line>
              <![CDATA[Capturing register page header]]>
            </line>
            <line>
              <![CDATA[<a href='C:\Users\m.nath@sierradigitalinc.com\eclipse-workspace\HouPerPro\target\surefire-reports\failure_screenshots\verifyRegisterLinkTest_20_06_2023_02_48_32.png'> <img src='C:\Users\m.nath@sierradigitalinc.com\eclipse-workspace\HouPerPro\target\surefire-reports\failure_screenshots\verifyRegisterLinkTest_20_06_2023_02_48_32.png' height='100' width='100'/> </a>]]>
            </line>
          </reporter-output>
        </test-method> <!-- verifyRegisterLinkTest -->
        <test-method status="PASS" signature="tearDown()[pri:0, instance:com.qa.houperpro.tests.RegisterPageTest@70e02081]" name="tearDown" is-config="true" duration-ms="5463" started-at="2023-06-20T19:48:32Z" finished-at="2023-06-20T19:48:38Z">
          <reporter-output>
          </reporter-output>
        </test-method> <!-- tearDown -->
      </class> <!-- com.qa.houperpro.tests.RegisterPageTest -->
    </test> <!-- Registration Page test -->
    <test name="Home Page test" duration-ms="19814" started-at="2023-06-20T19:48:38Z" finished-at="2023-06-20T19:48:58Z">
      <class name="com.qa.houperpro.tests.HomePageTest">
        <test-method status="PASS" signature="setUp()[pri:0, instance:com.qa.houperpro.tests.HomePageTest@723ed581]" name="setUp" is-config="true" duration-ms="3038" started-at="2023-06-20T19:48:38Z" finished-at="2023-06-20T19:48:42Z">
          <reporter-output>
          </reporter-output>
        </test-method> <!-- setUp -->
        <test-method status="PASS" signature="verifyEmailAddressFieldTest()[pri:1, instance:com.qa.houperpro.tests.HomePageTest@723ed581]" name="verifyEmailAddressFieldTest" duration-ms="3104" started-at="2023-06-20T19:48:42Z" description="Verify Email Address text box available" finished-at="2023-06-20T19:48:45Z">
          <reporter-output>
            <line>
              <![CDATA[Verifying Email Address text box available or not]]>
            </line>
          </reporter-output>
        </test-method> <!-- verifyEmailAddressFieldTest -->
        <test-method status="PASS" signature="tearDown()[pri:0, instance:com.qa.houperpro.tests.HomePageTest@723ed581]" name="tearDown" is-config="true" duration-ms="3857" started-at="2023-06-20T19:48:45Z" finished-at="2023-06-20T19:48:48Z">
          <reporter-output>
          </reporter-output>
        </test-method> <!-- tearDown -->
        <test-method status="PASS" signature="setUp()[pri:0, instance:com.qa.houperpro.tests.HomePageTest@723ed581]" name="setUp" is-config="true" duration-ms="2899" started-at="2023-06-20T19:48:48Z" finished-at="2023-06-20T19:48:51Z">
          <reporter-output>
          </reporter-output>
        </test-method> <!-- setUp -->
        <test-method status="PASS" signature="verifyPasswordFieldTest()[pri:2, instance:com.qa.houperpro.tests.HomePageTest@723ed581]" name="verifyPasswordFieldTest" duration-ms="3104" started-at="2023-06-20T19:48:51Z" description="Verify password text box available" finished-at="2023-06-20T19:48:55Z">
          <reporter-output>
            <line>
              <![CDATA[Verifying Password text box available or not]]>
            </line>
          </reporter-output>
        </test-method> <!-- verifyPasswordFieldTest -->
        <test-method status="PASS" signature="tearDown()[pri:0, instance:com.qa.houperpro.tests.HomePageTest@723ed581]" name="tearDown" is-config="true" duration-ms="3779" started-at="2023-06-20T19:48:55Z" finished-at="2023-06-20T19:48:58Z">
          <reporter-output>
          </reporter-output>
        </test-method> <!-- tearDown -->
      </class> <!-- com.qa.houperpro.tests.HomePageTest -->
    </test> <!-- Home Page test -->
    <test name="Login Page test" duration-ms="26583" started-at="2023-06-20T19:48:58Z" finished-at="2023-06-20T19:49:25Z">
      <class name="com.qa.houperpro.tests.LoginPage_HouPerTest">
        <test-method status="PASS" signature="setUp()[pri:0, instance:com.qa.houperpro.tests.LoginPage_HouPerTest@5e268ce6]" name="setUp" is-config="true" duration-ms="2810" started-at="2023-06-20T19:49:01Z" finished-at="2023-06-20T19:49:04Z">
          <reporter-output>
          </reporter-output>
        </test-method> <!-- setUp -->
        <test-method status="FAIL" signature="verifyLoginToHouPerSiteTest(java.lang.String, java.lang.String)[pri:0, instance:com.qa.houperpro.tests.LoginPage_HouPerTest@5e268ce6]" name="verifyLoginToHouPerSiteTest" duration-ms="1511" started-at="2023-06-20T19:49:04Z" data-provider="getTestData" finished-at="2023-06-20T19:49:06Z">
          <params>
            <param index="0">
              <value>
                <![CDATA[Admin]]>
              </value>
            </param>
            <param index="1">
              <value>
                <![CDATA[admin123]]>
              </value>
            </param>
          </params>
          <exception class="java.lang.AssertionError">
            <message>
              <![CDATA[expected [https://houstontx-tst.rhythmlabs.infor.com/my-dashboard] but found [https://houstontx-tst.rhythmlabs.infor.com/]]]>
            </message>
            <full-stacktrace>
              <![CDATA[java.lang.AssertionError: expected [https://houstontx-tst.rhythmlabs.infor.com/my-dashboard] but found [https://houstontx-tst.rhythmlabs.infor.com/]
at org.testng.Assert.fail(Assert.java:96)
at org.testng.Assert.failNotEquals(Assert.java:776)
at org.testng.Assert.assertEqualsImpl(Assert.java:137)
at org.testng.Assert.assertEquals(Assert.java:118)
at org.testng.Assert.assertEquals(Assert.java:453)
at org.testng.Assert.assertEquals(Assert.java:463)
at com.qa.houperpro.tests.LoginPage_HouPerTest.verifyLoginToHouPerSiteTest(LoginPage_HouPerTest.java:33)
at sun.reflect.NativeMethodAccessorImpl.invoke0(Native Method)
at sun.reflect.NativeMethodAccessorImpl.invoke(NativeMethodAccessorImpl.java:62)
at sun.reflect.DelegatingMethodAccessorImpl.invoke(DelegatingMethodAccessorImpl.java:43)
at java.lang.reflect.Method.invoke(Method.java:498)
at org.testng.internal.MethodInvocationHelper.invokeMethod(MethodInvocationHelper.java:124)
at org.testng.internal.Invoker.invokeMethod(Invoker.java:583)
at org.testng.internal.Invoker.invokeTestMethod(Invoker.java:719)
at org.testng.internal.Invoker.invokeTestMethods(Invoker.java:989)
at org.testng.internal.TestMethodWorker.invokeTestMethods(TestMethodWorker.java:125)
at org.testng.internal.TestMethodWorker.run(TestMethodWorker.java:109)
at org.testng.TestRunner.privateRun(TestRunner.java:648)
at org.testng.TestRunner.run(TestRunner.java:505)
at org.testng.SuiteRunner.runTest(SuiteRunner.java:455)
at org.testng.SuiteRunner.runSequentially(SuiteRunner.java:450)
at org.testng.SuiteRunner.privateRun(SuiteRunner.java:415)
at org.testng.SuiteRunner.run(SuiteRunner.java:364)
at org.testng.SuiteRunnerWorker.runSuite(SuiteRunnerWorker.java:52)
at org.testng.SuiteRunnerWorker.run(SuiteRunnerWorker.java:84)
at org.testng.TestNG.runSuitesSequentially(TestNG.java:1208)
at org.testng.TestNG.runSuitesLocally(TestNG.java:1137)
at org.testng.TestNG.runSuites(TestNG.java:1049)
at org.testng.TestNG.run(TestNG.java:1017)
at org.apache.maven.surefire.testng.TestNGExecutor.run(TestNGExecutor.java:283)
at org.apache.maven.surefire.testng.TestNGXmlTestSuite.execute(TestNGXmlTestSuite.java:75)
at org.apache.maven.surefire.testng.TestNGProvider.invoke(TestNGProvider.java:120)
at org.apache.maven.surefire.booter.ForkedBooter.invokeProviderInSameClassLoader(ForkedBooter.java:386)
at org.apache.maven.surefire.booter.ForkedBooter.runSuitesInProcess(ForkedBooter.java:323)
at org.apache.maven.surefire.booter.ForkedBooter.main(ForkedBooter.java:143)
]]>
            </full-stacktrace>
          </exception> <!-- java.lang.AssertionError -->
          <reporter-output>
            <line>
              <![CDATA[<a href='C:\Users\m.nath@sierradigitalinc.com\eclipse-workspace\HouPerPro\target\surefire-reports\failure_screenshots\verifyLoginToHouPerSiteTest_20_06_2023_02_49_06.png'> <img src='C:\Users\m.nath@sierradigitalinc.com\eclipse-workspace\HouPerPro\target\surefire-reports\failure_screenshots\verifyLoginToHouPerSiteTest_20_06_2023_02_49_06.png' height='100' width='100'/> </a>]]>
            </line>
          </reporter-output>
        </test-method> <!-- verifyLoginToHouPerSiteTest -->
        <test-method status="PASS" signature="tearDown()[pri:0, instance:com.qa.houperpro.tests.LoginPage_HouPerTest@5e268ce6]" name="tearDown" is-config="true" duration-ms="3753" started-at="2023-06-20T19:49:06Z" finished-at="2023-06-20T19:49:10Z">
          <reporter-output>
          </reporter-output>
        </test-method> <!-- tearDown -->
        <test-method status="PASS" signature="setUp()[pri:0, instance:com.qa.houperpro.tests.LoginPage_HouPerTest@5e268ce6]" name="setUp" is-config="true" duration-ms="2845" started-at="2023-06-20T19:49:10Z" finished-at="2023-06-20T19:49:13Z">
          <reporter-output>
          </reporter-output>
        </test-method> <!-- setUp -->
        <test-method status="FAIL" signature="verifyLoginToHouPerSiteTest(java.lang.String, java.lang.String)[pri:0, instance:com.qa.houperpro.tests.LoginPage_HouPerTest@5e268ce6]" name="verifyLoginToHouPerSiteTest" duration-ms="127" started-at="2023-06-20T19:49:13Z" data-provider="getTestData" finished-at="2023-06-20T19:49:13Z">
          <params>
            <param index="0">
              <value>
                <![CDATA[Admin]]>
              </value>
            </param>
            <param index="1">
              <value>
                <![CDATA[admin]]>
              </value>
            </param>
          </params>
          <exception class="java.lang.AssertionError">
            <message>
              <![CDATA[expected [https://houstontx-tst.rhythmlabs.infor.com/my-dashboard] but found [https://houstontx-tst.rhythmlabs.infor.com/]]]>
            </message>
            <full-stacktrace>
              <![CDATA[java.lang.AssertionError: expected [https://houstontx-tst.rhythmlabs.infor.com/my-dashboard] but found [https://houstontx-tst.rhythmlabs.infor.com/]
at org.testng.Assert.fail(Assert.java:96)
at org.testng.Assert.failNotEquals(Assert.java:776)
at org.testng.Assert.assertEqualsImpl(Assert.java:137)
at org.testng.Assert.assertEquals(Assert.java:118)
at org.testng.Assert.assertEquals(Assert.java:453)
at org.testng.Assert.assertEquals(Assert.java:463)
at com.qa.houperpro.tests.LoginPage_HouPerTest.verifyLoginToHouPerSiteTest(LoginPage_HouPerTest.java:33)
at sun.reflect.NativeMethodAccessorImpl.invoke0(Native Method)
at sun.reflect.NativeMethodAccessorImpl.invoke(NativeMethodAccessorImpl.java:62)
at sun.reflect.DelegatingMethodAccessorImpl.invoke(DelegatingMethodAccessorImpl.java:43)
at java.lang.reflect.Method.invoke(Method.java:498)
at org.testng.internal.MethodInvocationHelper.invokeMethod(MethodInvocationHelper.java:124)
at org.testng.internal.Invoker.invokeMethod(Invoker.java:583)
at org.testng.internal.Invoker.invokeTestMethod(Invoker.java:719)
at org.testng.internal.Invoker.invokeTestMethods(Invoker.java:989)
at org.testng.internal.TestMethodWorker.invokeTestMethods(TestMethodWorker.java:125)
at org.testng.internal.TestMethodWorker.run(TestMethodWorker.java:109)
at org.testng.TestRunner.privateRun(TestRunner.java:648)
at org.testng.TestRunner.run(TestRunner.java:505)
at org.testng.SuiteRunner.runTest(SuiteRunner.java:455)
at org.testng.SuiteRunner.runSequentially(SuiteRunner.java:450)
at org.testng.SuiteRunner.privateRun(SuiteRunner.java:415)
at org.testng.SuiteRunner.run(SuiteRunner.java:364)
at org.testng.SuiteRunnerWorker.runSuite(SuiteRunnerWorker.java:52)
at org.testng.SuiteRunnerWorker.run(SuiteRunnerWorker.java:84)
at org.testng.TestNG.runSuitesSequentially(TestNG.java:1208)
at org.testng.TestNG.runSuitesLocally(TestNG.java:1137)
at org.testng.TestNG.runSuites(TestNG.java:1049)
at org.testng.TestNG.run(TestNG.java:1017)
at org.apache.maven.surefire.testng.TestNGExecutor.run(TestNGExecutor.java:283)
at org.apache.maven.surefire.testng.TestNGXmlTestSuite.execute(TestNGXmlTestSuite.java:75)
at org.apache.maven.surefire.testng.TestNGProvider.invoke(TestNGProvider.java:120)
at org.apache.maven.surefire.booter.ForkedBooter.invokeProviderInSameClassLoader(ForkedBooter.java:386)
at org.apache.maven.surefire.booter.ForkedBooter.runSuitesInProcess(ForkedBooter.java:323)
at org.apache.maven.surefire.booter.ForkedBooter.main(ForkedBooter.java:143)
]]>
            </full-stacktrace>
          </exception> <!-- java.lang.AssertionError -->
          <reporter-output>
            <line>
              <![CDATA[<a href='C:\Users\m.nath@sierradigitalinc.com\eclipse-workspace\HouPerPro\target\surefire-reports\failure_screenshots\verifyLoginToHouPerSiteTest_20_06_2023_02_49_13.png'> <img src='C:\Users\m.nath@sierradigitalinc.com\eclipse-workspace\HouPerPro\target\surefire-reports\failure_screenshots\verifyLoginToHouPerSiteTest_20_06_2023_02_49_13.png' height='100' width='100'/> </a>]]>
            </line>
          </reporter-output>
        </test-method> <!-- verifyLoginToHouPerSiteTest -->
        <test-method status="PASS" signature="tearDown()[pri:0, instance:com.qa.houperpro.tests.LoginPage_HouPerTest@5e268ce6]" name="tearDown" is-config="true" duration-ms="3818" started-at="2023-06-20T19:49:14Z" finished-at="2023-06-20T19:49:18Z">
          <reporter-output>
          </reporter-output>
        </test-method> <!-- tearDown -->
        <test-method status="PASS" signature="setUp()[pri:0, instance:com.qa.houperpro.tests.LoginPage_HouPerTest@5e268ce6]" name="setUp" is-config="true" duration-ms="2867" started-at="2023-06-20T19:49:18Z" finished-at="2023-06-20T19:49:20Z">
          <reporter-output>
          </reporter-output>
        </test-method> <!-- setUp -->
        <test-method status="FAIL" signature="verifyLoginToHouPerSiteTest(java.lang.String, java.lang.String)[pri:0, instance:com.qa.houperpro.tests.LoginPage_HouPerTest@5e268ce6]" name="verifyLoginToHouPerSiteTest" duration-ms="145" started-at="2023-06-20T19:49:20Z" data-provider="getTestData" finished-at="2023-06-20T19:49:21Z">
          <params>
            <param index="0">
              <value>
                <![CDATA[admin123]]>
              </value>
            </param>
            <param index="1">
              <value>
                <![CDATA[Admin]]>
              </value>
            </param>
          </params>
          <exception class="java.lang.AssertionError">
            <message>
              <![CDATA[expected [https://houstontx-tst.rhythmlabs.infor.com/my-dashboard] but found [https://houstontx-tst.rhythmlabs.infor.com/]]]>
            </message>
            <full-stacktrace>
              <![CDATA[java.lang.AssertionError: expected [https://houstontx-tst.rhythmlabs.infor.com/my-dashboard] but found [https://houstontx-tst.rhythmlabs.infor.com/]
at org.testng.Assert.fail(Assert.java:96)
at org.testng.Assert.failNotEquals(Assert.java:776)
at org.testng.Assert.assertEqualsImpl(Assert.java:137)
at org.testng.Assert.assertEquals(Assert.java:118)
at org.testng.Assert.assertEquals(Assert.java:453)
at org.testng.Assert.assertEquals(Assert.java:463)
at com.qa.houperpro.tests.LoginPage_HouPerTest.verifyLoginToHouPerSiteTest(LoginPage_HouPerTest.java:33)
at sun.reflect.NativeMethodAccessorImpl.invoke0(Native Method)
at sun.reflect.NativeMethodAccessorImpl.invoke(NativeMethodAccessorImpl.java:62)
at sun.reflect.DelegatingMethodAccessorImpl.invoke(DelegatingMethodAccessorImpl.java:43)
at java.lang.reflect.Method.invoke(Method.java:498)
at org.testng.internal.MethodInvocationHelper.invokeMethod(MethodInvocationHelper.java:124)
at org.testng.internal.Invoker.invokeMethod(Invoker.java:583)
at org.testng.internal.Invoker.invokeTestMethod(Invoker.java:719)
at org.testng.internal.Invoker.invokeTestMethods(Invoker.java:989)
at org.testng.internal.TestMethodWorker.invokeTestMethods(TestMethodWorker.java:125)
at org.testng.internal.TestMethodWorker.run(TestMethodWorker.java:109)
at org.testng.TestRunner.privateRun(TestRunner.java:648)
at org.testng.TestRunner.run(TestRunner.java:505)
at org.testng.SuiteRunner.runTest(SuiteRunner.java:455)
at org.testng.SuiteRunner.runSequentially(SuiteRunner.java:450)
at org.testng.SuiteRunner.privateRun(SuiteRunner.java:415)
at org.testng.SuiteRunner.run(SuiteRunner.java:364)
at org.testng.SuiteRunnerWorker.runSuite(SuiteRunnerWorker.java:52)
at org.testng.SuiteRunnerWorker.run(SuiteRunnerWorker.java:84)
at org.testng.TestNG.runSuitesSequentially(TestNG.java:1208)
at org.testng.TestNG.runSuitesLocally(TestNG.java:1137)
at org.testng.TestNG.runSuites(TestNG.java:1049)
at org.testng.TestNG.run(TestNG.java:1017)
at org.apache.maven.surefire.testng.TestNGExecutor.run(TestNGExecutor.java:283)
at org.apache.maven.surefire.testng.TestNGXmlTestSuite.execute(TestNGXmlTestSuite.java:75)
at org.apache.maven.surefire.testng.TestNGProvider.invoke(TestNGProvider.java:120)
at org.apache.maven.surefire.booter.ForkedBooter.invokeProviderInSameClassLoader(ForkedBooter.java:386)
at org.apache.maven.surefire.booter.ForkedBooter.runSuitesInProcess(ForkedBooter.java:323)
at org.apache.maven.surefire.booter.ForkedBooter.main(ForkedBooter.java:143)
]]>
            </full-stacktrace>
          </exception> <!-- java.lang.AssertionError -->
          <reporter-output>
            <line>
              <![CDATA[<a href='C:\Users\m.nath@sierradigitalinc.com\eclipse-workspace\HouPerPro\target\surefire-reports\failure_screenshots\verifyLoginToHouPerSiteTest_20_06_2023_02_49_21.png'> <img src='C:\Users\m.nath@sierradigitalinc.com\eclipse-workspace\HouPerPro\target\surefire-reports\failure_screenshots\verifyLoginToHouPerSiteTest_20_06_2023_02_49_21.png' height='100' width='100'/> </a>]]>
            </line>
          </reporter-output>
        </test-method> <!-- verifyLoginToHouPerSiteTest -->
        <test-method status="PASS" signature="tearDown()[pri:0, instance:com.qa.houperpro.tests.LoginPage_HouPerTest@5e268ce6]" name="tearDown" is-config="true" duration-ms="3825" started-at="2023-06-20T19:49:21Z" finished-at="2023-06-20T19:49:25Z">
          <reporter-output>
          </reporter-output>
        </test-method> <!-- tearDown -->
      </class> <!-- com.qa.houperpro.tests.LoginPage_HouPerTest -->
    </test> <!-- Login Page test -->
  </suite> <!-- HouPerProject suite -->
</testng-results>
